2026-02-15 17:25:49,115 | INFO | Cache hit: C:\Users\admin\Desktop\UNI\SEM V\PZII\project\data\raw_eurpln_2010-01-01_2026-02-15.csv (force_refresh=False) -> wczytuję
2026-02-15 17:25:49,125 | INFO | Snapshot zapisany: C:\Users\admin\Desktop\UNI\SEM V\PZII\project\runs\2026-02-15_172548\raw_eurpln.csv
2026-02-15 17:25:49,145 | INFO | Braki danych (kalendarzowo): missing_total=1823 | weekend=1684 | weekday=139 | ratio=0.310
2026-02-15 17:25:49,625 | INFO | Wczytuję RAW: C:\Users\admin\Desktop\UNI\SEM V\PZII\project\runs\2026-02-15_172548\raw_eurpln.csv
2026-02-15 17:25:49,644 | INFO | Buduję datasety: pair=eurpln | W=60 | H=[1, 7, 30, 60]
2026-02-15 17:25:49,793 | INFO | Zapisano: C:\Users\admin\Desktop\UNI\SEM V\PZII\project\data\ds_H1.csv | rows=4007 | cols=76
2026-02-15 17:25:49,942 | INFO | Zapisano: C:\Users\admin\Desktop\UNI\SEM V\PZII\project\data\ds_H7.csv | rows=4001 | cols=76
2026-02-15 17:25:50,088 | INFO | Zapisano: C:\Users\admin\Desktop\UNI\SEM V\PZII\project\data\ds_H30.csv | rows=3978 | cols=76
2026-02-15 17:25:50,238 | INFO | Zapisano: C:\Users\admin\Desktop\UNI\SEM V\PZII\project\data\ds_H60.csv | rows=3948 | cols=76
2026-02-15 17:25:50,238 | INFO | Manifest: C:\Users\admin\Desktop\UNI\SEM V\PZII\project\runs\2026-02-15_172548\datasets_manifest.json
2026-02-15 17:25:51,586 | INFO | H=1 | ds=ds_H1.csv | train=3617 val=130 test=260 | feats=72
2026-02-15 17:25:54,202 | INFO | H=1 | Ridge tuned(TSS): {'cv_best_RMSE': 0.016014025282715564, 'best_params': {'model__alpha': 3.0}, 'n_splits': 5, 'n_iter': 40}
2026-02-15 17:25:54,916 | INFO | H=1 | ElasticNet tuned(TSS): {'cv_best_RMSE': 0.01582116469070171, 'best_params': {'model__l1_ratio': 0.95, 'model__alpha': 0.0003}, 'n_splits': 5, 'n_iter': 40}
2026-02-15 17:32:24,685 | INFO | H=1 | RandomForest tuned(TSS): {'cv_best_RMSE': 0.02697413087035645, 'best_params': {'n_estimators': 900, 'min_samples_leaf': 1, 'max_features': 0.8, 'max_depth': 8}, 'n_splits': 5, 'n_iter': 40}
2026-02-15 17:35:31,570 | INFO | H=1 | ExtraTrees tuned(TSS): {'cv_best_RMSE': 0.029383027651754694, 'best_params': {'n_estimators': 1500, 'min_samples_leaf': 4, 'max_features': 0.8, 'max_depth': 8}, 'n_splits': 5, 'n_iter': 40}
2026-02-15 17:36:27,684 | INFO | H=1 | HistGB tuned(TSS): {'cv_best_RMSE': 0.028931847349325673, 'best_params': {'min_samples_leaf': 10, 'max_iter': 600, 'max_depth': 3, 'learning_rate': 0.01, 'l2_regularization': 0.01}, 'n_splits': 5, 'n_iter': 40}
2026-02-15 17:36:28,368 | INFO | H=1 | SARIMAX(1, 1, 1) fair-fit per row (W=60) na val+test ...
2026-02-15 17:36:39,369 | INFO | H=7 | ds=ds_H7.csv | train=3611 val=130 test=260 | feats=72
2026-02-15 17:36:39,689 | INFO | H=7 | Ridge tuned(TSS): {'cv_best_RMSE': 0.04365383591848649, 'best_params': {'model__alpha': 3.0}, 'n_splits': 5, 'n_iter': 40}
2026-02-15 17:36:40,803 | INFO | H=7 | ElasticNet tuned(TSS): {'cv_best_RMSE': 0.04317054142529227, 'best_params': {'model__l1_ratio': 0.95, 'model__alpha': 0.001}, 'n_splits': 5, 'n_iter': 40}
2026-02-15 17:42:44,879 | INFO | H=7 | RandomForest tuned(TSS): {'cv_best_RMSE': 0.06859976972918094, 'best_params': {'n_estimators': 900, 'min_samples_leaf': 1, 'max_features': 0.8, 'max_depth': 4}, 'n_splits': 5, 'n_iter': 40}
2026-02-15 17:45:33,921 | INFO | H=7 | ExtraTrees tuned(TSS): {'cv_best_RMSE': 0.07961680076590545, 'best_params': {'n_estimators': 1500, 'min_samples_leaf': 8, 'max_features': 'sqrt', 'max_depth': 6}, 'n_splits': 5, 'n_iter': 40}
2026-02-15 17:46:32,683 | INFO | H=7 | HistGB tuned(TSS): {'cv_best_RMSE': 0.07471919702775921, 'best_params': {'min_samples_leaf': 80, 'max_iter': 600, 'max_depth': 3, 'learning_rate': 0.01, 'l2_regularization': 0.1}, 'n_splits': 5, 'n_iter': 40}
2026-02-15 17:46:33,365 | INFO | H=7 | SARIMAX(1, 1, 1) fair-fit per row (W=60) na val+test ...
2026-02-15 17:46:47,152 | INFO | H=30 | ds=ds_H30.csv | train=3588 val=130 test=260 | feats=72
2026-02-15 17:46:47,501 | INFO | H=30 | Ridge tuned(TSS): {'cv_best_RMSE': 0.08228156756187609, 'best_params': {'model__alpha': 100.0}, 'n_splits': 5, 'n_iter': 40}
2026-02-15 17:46:51,084 | INFO | H=30 | ElasticNet tuned(TSS): {'cv_best_RMSE': 0.08253587973657359, 'best_params': {'model__l1_ratio': 0.95, 'model__alpha': 0.001}, 'n_splits': 5, 'n_iter': 40}
2026-02-15 17:52:59,478 | INFO | H=30 | RandomForest tuned(TSS): {'cv_best_RMSE': 0.11916124630557527, 'best_params': {'n_estimators': 1200, 'min_samples_leaf': 8, 'max_features': 'sqrt', 'max_depth': 4}, 'n_splits': 5, 'n_iter': 40}
2026-02-15 17:55:48,091 | INFO | H=30 | ExtraTrees tuned(TSS): {'cv_best_RMSE': 0.12413910580626139, 'best_params': {'n_estimators': 1500, 'min_samples_leaf': 8, 'max_features': 'log2', 'max_depth': 6}, 'n_splits': 5, 'n_iter': 40}
2026-02-15 17:56:45,590 | INFO | H=30 | HistGB tuned(TSS): {'cv_best_RMSE': 0.1255264067034911, 'best_params': {'min_samples_leaf': 80, 'max_iter': 200, 'max_depth': 3, 'learning_rate': 0.01, 'l2_regularization': 0.1}, 'n_splits': 5, 'n_iter': 40}
2026-02-15 17:56:45,844 | INFO | H=30 | SARIMAX(1, 1, 1) fair-fit per row (W=60) na val+test ...
2026-02-15 17:56:58,999 | INFO | H=60 | ds=ds_H60.csv | train=3558 val=130 test=260 | feats=72
2026-02-15 17:56:59,379 | INFO | H=60 | Ridge tuned(TSS): {'cv_best_RMSE': 0.10629139616114491, 'best_params': {'model__alpha': 100.0}, 'n_splits': 5, 'n_iter': 40}
2026-02-15 17:57:05,322 | INFO | H=60 | ElasticNet tuned(TSS): {'cv_best_RMSE': 0.10717652253562797, 'best_params': {'model__l1_ratio': 0.1, 'model__alpha': 0.01}, 'n_splits': 5, 'n_iter': 40}
2026-02-15 18:03:23,221 | INFO | H=60 | RandomForest tuned(TSS): {'cv_best_RMSE': 0.1341007819845725, 'best_params': {'n_estimators': 1200, 'min_samples_leaf': 8, 'max_features': 'sqrt', 'max_depth': 4}, 'n_splits': 5, 'n_iter': 40}
2026-02-15 18:05:56,537 | INFO | H=60 | ExtraTrees tuned(TSS): {'cv_best_RMSE': 0.13825508532750364, 'best_params': {'n_estimators': 1500, 'min_samples_leaf': 8, 'max_features': 'log2', 'max_depth': 6}, 'n_splits': 5, 'n_iter': 40}
2026-02-15 18:06:55,492 | INFO | H=60 | HistGB tuned(TSS): {'cv_best_RMSE': 0.14153028450217575, 'best_params': {'min_samples_leaf': 80, 'max_iter': 200, 'max_depth': 3, 'learning_rate': 0.01, 'l2_regularization': 0.1}, 'n_splits': 5, 'n_iter': 40}
2026-02-15 18:06:55,717 | INFO | H=60 | SARIMAX(1, 1, 1) fair-fit per row (W=60) na val+test ...
2026-02-15 18:07:08,013 | INFO | Zapisano: C:\Users\admin\Desktop\UNI\SEM V\PZII\project\runs\2026-02-15_172548\metrics.csv
2026-02-15 18:07:08,013 | INFO | Zapisano: C:\Users\admin\Desktop\UNI\SEM V\PZII\project\runs\2026-02-15_172548\predictions.csv
2026-02-15 18:07:08,013 | INFO | Zapisano: C:\Users\admin\Desktop\UNI\SEM V\PZII\project\runs\2026-02-15_172548\best_baselines.json
2026-02-15 18:07:08,013 | INFO | Zapisano: C:\Users\admin\Desktop\UNI\SEM V\PZII\project\runs\2026-02-15_172548\best_ml_params.json
2026-02-15 18:07:08,013 | INFO | Zapisano: C:\Users\admin\Desktop\UNI\SEM V\PZII\project\runs\2026-02-15_172548\search_spaces.json
