2026-02-15 10:54:06,425 | INFO | H=1 | ds=ds_H1.csv | train=3617 val=130 test=260 | feats=72
2026-02-15 10:54:08,349 | INFO | H=1 | Ridge tuned(TSS): {'cv_best_RMSE': 0.016014025282715567, 'best_params': {'model__alpha': 3.0}, 'n_splits': 5, 'n_iter': 40}
2026-02-15 10:54:08,774 | INFO | H=1 | ElasticNet tuned(TSS): {'cv_best_RMSE': 0.015821164685345734, 'best_params': {'model__l1_ratio': 0.95, 'model__alpha': 0.0003}, 'n_splits': 5, 'n_iter': 40}
2026-02-15 10:59:19,111 | INFO | H=1 | RandomForest tuned(TSS): {'cv_best_RMSE': 0.027040909553538644, 'best_params': {'n_estimators': 900, 'min_samples_leaf': 1, 'max_features': 0.8, 'max_depth': 8}, 'n_splits': 5, 'n_iter': 40}
2026-02-15 11:01:39,565 | INFO | H=1 | ExtraTrees tuned(TSS): {'cv_best_RMSE': 0.02965355790279056, 'best_params': {'n_estimators': 1500, 'min_samples_leaf': 4, 'max_features': 0.8, 'max_depth': 8}, 'n_splits': 5, 'n_iter': 40}
2026-02-15 11:03:42,894 | INFO | H=1 | HistGB tuned(TSS): {'cv_best_RMSE': 0.02926268393544269, 'best_params': {'min_samples_leaf': 10, 'max_iter': 400, 'max_depth': 3, 'learning_rate': 0.03, 'l2_regularization': 0.0}, 'n_splits': 5, 'n_iter': 40}
2026-02-15 11:03:44,506 | INFO | H=1 | SARIMAX(1, 1, 1) fair-fit per row (W=60) na val+test ...
2026-02-15 11:04:01,194 | INFO | H=7 | ds=ds_H7.csv | train=3611 val=130 test=260 | feats=72
2026-02-15 11:04:01,454 | INFO | H=7 | Ridge tuned(TSS): {'cv_best_RMSE': 0.04365383591848649, 'best_params': {'model__alpha': 3.0}, 'n_splits': 5, 'n_iter': 40}
2026-02-15 11:04:02,449 | INFO | H=7 | ElasticNet tuned(TSS): {'cv_best_RMSE': 0.04322857817085675, 'best_params': {'model__l1_ratio': 0.6, 'model__alpha': 0.001}, 'n_splits': 5, 'n_iter': 40}
2026-02-15 11:10:20,725 | INFO | H=7 | RandomForest tuned(TSS): {'cv_best_RMSE': 0.07358912511906138, 'best_params': {'n_estimators': 1200, 'min_samples_leaf': 8, 'max_features': 0.6, 'max_depth': 6}, 'n_splits': 5, 'n_iter': 40}
2026-02-15 11:12:18,164 | INFO | H=7 | ExtraTrees tuned(TSS): {'cv_best_RMSE': 0.07988906531089075, 'best_params': {'n_estimators': 1500, 'min_samples_leaf': 8, 'max_features': 'sqrt', 'max_depth': 6}, 'n_splits': 5, 'n_iter': 40}
2026-02-15 11:13:39,728 | INFO | H=7 | HistGB tuned(TSS): {'cv_best_RMSE': 0.07726170664293265, 'best_params': {'min_samples_leaf': 80, 'max_iter': 800, 'max_depth': 4, 'learning_rate': 0.01, 'l2_regularization': 0.0}, 'n_splits': 5, 'n_iter': 40}
2026-02-15 11:13:41,560 | INFO | H=7 | SARIMAX(1, 1, 1) fair-fit per row (W=60) na val+test ...
2026-02-15 11:13:57,336 | INFO | H=30 | ds=ds_H30.csv | train=3588 val=130 test=260 | feats=72
2026-02-15 11:13:57,575 | INFO | H=30 | Ridge tuned(TSS): {'cv_best_RMSE': 0.0822815675618761, 'best_params': {'model__alpha': 100.0}, 'n_splits': 5, 'n_iter': 40}
2026-02-15 11:14:01,145 | INFO | H=30 | ElasticNet tuned(TSS): {'cv_best_RMSE': 0.08256451368920212, 'best_params': {'model__l1_ratio': 0.1, 'model__alpha': 0.01}, 'n_splits': 5, 'n_iter': 40}
2026-02-15 11:20:19,624 | INFO | H=30 | RandomForest tuned(TSS): {'cv_best_RMSE': 0.11926056076902505, 'best_params': {'n_estimators': 1200, 'min_samples_leaf': 8, 'max_features': 'sqrt', 'max_depth': 4}, 'n_splits': 5, 'n_iter': 40}
2026-02-15 11:22:11,346 | INFO | H=30 | ExtraTrees tuned(TSS): {'cv_best_RMSE': 0.1242305634139406, 'best_params': {'n_estimators': 1200, 'min_samples_leaf': 8, 'max_features': 'log2', 'max_depth': 6}, 'n_splits': 5, 'n_iter': 40}
2026-02-15 11:23:12,324 | INFO | H=30 | HistGB tuned(TSS): {'cv_best_RMSE': 0.1255264067034911, 'best_params': {'min_samples_leaf': 80, 'max_iter': 200, 'max_depth': 3, 'learning_rate': 0.01, 'l2_regularization': 0.1}, 'n_splits': 5, 'n_iter': 40}
2026-02-15 11:23:12,580 | INFO | H=30 | SARIMAX(1, 1, 1) fair-fit per row (W=60) na val+test ...
2026-02-15 11:23:26,673 | INFO | H=60 | ds=ds_H60.csv | train=3558 val=130 test=260 | feats=72
2026-02-15 11:23:26,927 | INFO | H=60 | Ridge tuned(TSS): {'cv_best_RMSE': 0.10629139616114494, 'best_params': {'model__alpha': 100.0}, 'n_splits': 5, 'n_iter': 40}
2026-02-15 11:23:32,042 | INFO | H=60 | ElasticNet tuned(TSS): {'cv_best_RMSE': 0.10717647974219333, 'best_params': {'model__l1_ratio': 0.1, 'model__alpha': 0.01}, 'n_splits': 5, 'n_iter': 40}
2026-02-15 11:29:16,313 | INFO | H=60 | RandomForest tuned(TSS): {'cv_best_RMSE': 0.1338616524178101, 'best_params': {'n_estimators': 1200, 'min_samples_leaf': 8, 'max_features': 'sqrt', 'max_depth': 4}, 'n_splits': 5, 'n_iter': 40}
2026-02-15 11:30:49,780 | INFO | H=60 | ExtraTrees tuned(TSS): {'cv_best_RMSE': 0.13783503605673345, 'best_params': {'n_estimators': 1200, 'min_samples_leaf': 8, 'max_features': 'log2', 'max_depth': 6}, 'n_splits': 5, 'n_iter': 40}
2026-02-15 11:31:45,937 | INFO | H=60 | HistGB tuned(TSS): {'cv_best_RMSE': 0.14153028450217575, 'best_params': {'min_samples_leaf': 80, 'max_iter': 200, 'max_depth': 3, 'learning_rate': 0.01, 'l2_regularization': 0.1}, 'n_splits': 5, 'n_iter': 40}
2026-02-15 11:31:46,169 | INFO | H=60 | SARIMAX(1, 1, 1) fair-fit per row (W=60) na val+test ...
2026-02-15 11:32:00,587 | INFO | Zapisano: C:\Users\admin\Desktop\UNI\SEM V\PZII\project\runs\2026-02-15_105406\metrics.csv
2026-02-15 11:32:00,589 | INFO | Zapisano: C:\Users\admin\Desktop\UNI\SEM V\PZII\project\runs\2026-02-15_105406\predictions.csv
2026-02-15 11:32:00,591 | INFO | Zapisano: C:\Users\admin\Desktop\UNI\SEM V\PZII\project\runs\2026-02-15_105406\best_baselines.json
2026-02-15 11:32:00,591 | INFO | Zapisano: C:\Users\admin\Desktop\UNI\SEM V\PZII\project\runs\2026-02-15_105406\best_ml_params.json
